[2026-03-23 13:27:39] [info] Система логирования инициализирована.
[2026-03-23 13:27:39] [warning] Используются настройки по умолчанию из common.hpp
[2026-03-23 13:27:39] [info] Экземпляр ChatServer создан. Порт: 7777, БД: chat_history.db
[2026-03-23 13:27:39] [info] Сервер успешно запущен. Слушаем порт 7777...
[2026-03-23 13:27:39] [info] Основной цикл сервера run() запущен. Ожидание подключений...
[2026-03-23 13:28:25] [info] Новое подключение: 127.0.0.1 (FD: 5)
[2026-03-23 13:28:25] [info] Основной цикл сервера run() запущен. Ожидание подключений...
[2026-03-23 13:28:28] [info] Пользователь sdas подключился (FD: 5)
[2026-03-23 13:28:29] [info] [5] sdas: s
[2026-03-23 13:28:29] [info] [5] sdas: s
[2026-03-23 13:28:29] [info] [5] sdas: s
[2026-03-23 13:28:30] [info] Пользователь sdas покинул чат.
[2026-03-23 13:28:32] [info] Новое подключение: 127.0.0.1 (FD: 6)
[2026-03-23 13:28:32] [info] Основной цикл сервера run() запущен. Ожидание подключений...
[2026-03-23 13:28:33] [info] Пользователь sadas подключился (FD: 6)
[2026-03-23 13:28:34] [info] [6] sadas: s
[2026-03-23 13:28:34] [info] [6] sadas: s
[2026-03-23 13:28:34] [info] [6] sadas: fg
[2026-03-23 13:28:35] [info] [6] sadas: g
[2026-03-23 13:28:35] [info] [6] sadas: f
[2026-03-23 13:28:38] [warning] Формируем системный JSON-пакет отключения сервера
[2026-03-23 13:28:39] [info] Оповещение разослано. Переход к очистке ресурсов.
[2026-03-23 13:28:39] [info] Сокет сервера (FD: 4) закрыт.
